MAIN [ 0 ] [ 1 ] [ 1 ]
MOVE t0 HALLOCATE 4 
MOVE t1 HALLOCATE 4 
MOVE t2 LL_Start
HSTORE t0 0 t2 
HSTORE t1 0 t0 
MOVE t0 t1 
HLOAD t1 t0 0 
HLOAD t2 t1 0 
ASTORE SPILLEDARG 0 t1 
MOVE a0 t0
CALL t2 
ALOAD t1 SPILLEDARG 0 
MOVE t1 v0 
PRINT t1 
END 

Element_Init [ 4 ] [ 0 ] [ 0 ]
MOVE t0 a0
MOVE t1 a1
MOVE t2 a2
MOVE t3 a3
HSTORE t0 4 t1 
HSTORE t0 8 t2 
HSTORE t0 12 t3 
MOVE t0 1 
MOVE v0 t0 
END 

Element_GetAge [ 1 ] [ 0 ] [ 0 ]
MOVE t0 a0
HLOAD t1 t0 4 
MOVE v0 t1 
END 

Element_GetSalary [ 1 ] [ 0 ] [ 0 ]
MOVE t0 a0
HLOAD t1 t0 8 
MOVE v0 t1 
END 

Element_GetMarried [ 1 ] [ 0 ] [ 0 ]
MOVE t0 a0
HLOAD t1 t0 12 
MOVE v0 t1 
END 

Element_Equal [ 2 ] [ 5 ] [ 0 ]
MOVE t1 a1
MOVE t0 a0
MOVE t2 1 
MOVE t3 t1 
HLOAD t4 t3 0 
HLOAD t5 t4 4 
ASTORE SPILLEDARG 0 t4 
ASTORE SPILLEDARG 1 t0 
ASTORE SPILLEDARG 2 t1 
ASTORE SPILLEDARG 3 t2 
MOVE a0 t3
CALL t5 
ALOAD t4 SPILLEDARG 0 
ALOAD t0 SPILLEDARG 1 
ALOAD t1 SPILLEDARG 2 
ALOAD t2 SPILLEDARG 3 
MOVE t4 v0 
MOVE t3 t4 
MOVE t4 1 
MOVE t5 t0 
HLOAD t6 t5 0 
HLOAD t7 t6 20 
HLOAD t6 t0 4 
ASTORE SPILLEDARG 0 t4 
ASTORE SPILLEDARG 1 t8 
ASTORE SPILLEDARG 2 t1 
ASTORE SPILLEDARG 3 t0 
ASTORE SPILLEDARG 4 t2 
MOVE a0 t5
MOVE a1 t3
MOVE a2 t6
CALL t7 
ALOAD t4 SPILLEDARG 0 
ALOAD t8 SPILLEDARG 1 
ALOAD t1 SPILLEDARG 2 
ALOAD t0 SPILLEDARG 3 
ALOAD t2 SPILLEDARG 4 
MOVE t8 v0 
MOVE t3 MINUS t4 t8 
CJUMP t3 Element_Equal_L2 
MOVE t2 0 
JUMP Element_Equal_L3 
Element_Equal_L2 NOOP 
MOVE t3 t1 
HLOAD t4 t3 0 
HLOAD t5 t4 8 
ASTORE SPILLEDARG 0 t4 
ASTORE SPILLEDARG 1 t0 
ASTORE SPILLEDARG 2 t1 
ASTORE SPILLEDARG 3 t2 
MOVE a0 t3
CALL t5 
ALOAD t4 SPILLEDARG 0 
ALOAD t0 SPILLEDARG 1 
ALOAD t1 SPILLEDARG 2 
ALOAD t2 SPILLEDARG 3 
MOVE t4 v0 
MOVE t3 t4 
MOVE t4 1 
MOVE t5 t0 
HLOAD t6 t5 0 
HLOAD t7 t6 20 
HLOAD t6 t0 8 
ASTORE SPILLEDARG 0 t4 
ASTORE SPILLEDARG 1 t8 
ASTORE SPILLEDARG 2 t0 
ASTORE SPILLEDARG 3 t1 
ASTORE SPILLEDARG 4 t2 
MOVE a0 t5
MOVE a1 t3
MOVE a2 t6
CALL t7 
ALOAD t4 SPILLEDARG 0 
ALOAD t8 SPILLEDARG 1 
ALOAD t0 SPILLEDARG 2 
ALOAD t1 SPILLEDARG 3 
ALOAD t2 SPILLEDARG 4 
MOVE t8 v0 
MOVE t3 MINUS t4 t8 
CJUMP t3 Element_Equal_L4 
MOVE t2 0 
JUMP Element_Equal_L5 
Element_Equal_L4 NOOP 
HLOAD t3 t0 12 
CJUMP t3 Element_Equal_L6 
MOVE t0 1 
MOVE t3 t1 
HLOAD t4 t3 0 
HLOAD t5 t4 12 
ASTORE SPILLEDARG 0 t0 
ASTORE SPILLEDARG 1 t4 
ASTORE SPILLEDARG 2 t2 
MOVE a0 t3
CALL t5 
ALOAD t0 SPILLEDARG 0 
ALOAD t4 SPILLEDARG 1 
ALOAD t2 SPILLEDARG 2 
MOVE t4 v0 
MOVE t3 MINUS t0 t4 
CJUMP t3 Element_Equal_L8 
MOVE t2 0 
JUMP Element_Equal_L9 
Element_Equal_L8 NOOP 
MOVE t0 0 
Element_Equal_L9 NOOP 
JUMP Element_Equal_L7 
Element_Equal_L6 NOOP 
MOVE t3 t1 
HLOAD t1 t3 0 
HLOAD t4 t1 12 
ASTORE SPILLEDARG 0 t1 
ASTORE SPILLEDARG 1 t2 
MOVE a0 t3
CALL t4 
ALOAD t1 SPILLEDARG 0 
ALOAD t2 SPILLEDARG 1 
MOVE t1 v0 
CJUMP t1 Element_Equal_L10 
MOVE t2 0 
JUMP Element_Equal_L11 
Element_Equal_L10 NOOP 
MOVE t0 0 
Element_Equal_L11 NOOP 
Element_Equal_L7 NOOP 
Element_Equal_L5 NOOP 
Element_Equal_L3 NOOP 
MOVE v0 t2 
END 

Element_Compare [ 3 ] [ 0 ] [ 0 ]
MOVE t1 a2
MOVE t0 a1
MOVE t2 0 
MOVE t3 PLUS t1 1 
MOVE t4 LT t0 t1 
CJUMP t4 Element_Compare_L12 
MOVE t2 0 
JUMP Element_Compare_L13 
Element_Compare_L12 NOOP 
MOVE t1 1 
MOVE t4 LT t0 t3 
MOVE t0 MINUS t1 t4 
CJUMP t0 Element_Compare_L14 
MOVE t2 0 
JUMP Element_Compare_L15 
Element_Compare_L14 NOOP 
MOVE t2 1 
Element_Compare_L15 NOOP 
Element_Compare_L13 NOOP 
MOVE v0 t2 
END 

List_Init [ 1 ] [ 0 ] [ 0 ]
MOVE t0 a0
MOVE t1 1 
HSTORE t0 12 t1 
MOVE t0 1 
MOVE v0 t0 
END 

List_InitNew [ 4 ] [ 0 ] [ 0 ]
MOVE t0 a0
MOVE t3 a3
MOVE t1 a1
MOVE t2 a2
HSTORE t0 12 t3 
HSTORE t0 4 t1 
HSTORE t0 8 t2 
MOVE t0 1 
MOVE v0 t0 
END 

List_Insert [ 2 ] [ 2 ] [ 0 ]
MOVE t0 a0
MOVE t1 a1
MOVE t2 t0 
MOVE t0 HALLOCATE 40 
MOVE t3 HALLOCATE 16 
MOVE t4 List_Print
HSTORE t0 36 t4 
MOVE t4 List_GetNext
HSTORE t0 32 t4 
MOVE t4 List_GetElem
HSTORE t0 28 t4 
MOVE t4 List_GetEnd
HSTORE t0 24 t4 
MOVE t4 List_Search
HSTORE t0 20 t4 
MOVE t4 List_Delete
HSTORE t0 16 t4 
MOVE t4 List_SetNext
HSTORE t0 12 t4 
MOVE t4 List_Insert
HSTORE t0 8 t4 
MOVE t4 List_InitNew
HSTORE t0 4 t4 
MOVE t4 List_Init
HSTORE t0 0 t4 
MOVE t4 4 
List_Insert_L16 NOOP 
MOVE t5 16 
MOVE t6 LT t4 t5 
CJUMP t6 List_Insert_L17 
MOVE t5 PLUS t3 t4 
MOVE t6 0 
HSTORE t5 0 t6 
MOVE t4 PLUS t4 4 
JUMP List_Insert_L16 
List_Insert_L17 NOOP 
HSTORE t3 0 t0 
MOVE t0 t3 
MOVE t3 t0 
HLOAD t4 t3 0 
HLOAD t5 t4 4 
MOVE t4 0 
ASTORE SPILLEDARG 0 t6 
ASTORE SPILLEDARG 1 t0 
MOVE a0 t3
MOVE a1 t1
MOVE a2 t2
MOVE a3 t4
CALL t5 
ALOAD t6 SPILLEDARG 0 
ALOAD t0 SPILLEDARG 1 
MOVE t6 v0 
MOVE t1 t6 
MOVE v0 t0 
END 

List_SetNext [ 2 ] [ 0 ] [ 0 ]
MOVE t0 a0
MOVE t1 a1
HSTORE t0 8 t1 
MOVE t0 1 
MOVE v0 t0 
END 

List_Delete [ 2 ] [ 11 ] [ 0 ]
MOVE t0 a0
MOVE t1 a1
MOVE t2 t0 
MOVE t3 0 
MOVE t4 0 
MOVE t5 MINUS t4 1 
MOVE t4 t0 
MOVE t6 t0 
HLOAD t7 t0 12 
MOVE t8 t7 
HLOAD t7 t0 4 
MOVE t0 t7 
List_Delete_L18 NOOP 
MOVE t7 0 
MOVE t9  1 
MOVE s0 MINUS t9  t8 
CJUMP s0 List_Delete_L20 
MOVE t9  1 
MOVE s0 MINUS t9  t3 
CJUMP s0 List_Delete_L20 
MOVE t7 1 
List_Delete_L20 NOOP 
CJUMP t7 List_Delete_L19 
MOVE t7 t1 
HLOAD t9  t7 0 
HLOAD s0 t9  16 
ASTORE SPILLEDARG 0 t9  
ASTORE SPILLEDARG 1 t5 
ASTORE SPILLEDARG 2 t4 
ASTORE SPILLEDARG 3 t6 
ASTORE SPILLEDARG 4 t3 
ASTORE SPILLEDARG 5 t1 
ASTORE SPILLEDARG 6 t8 
ASTORE SPILLEDARG 7 t0 
ASTORE SPILLEDARG 8 t2 
MOVE a0 t7
MOVE a1 t0
CALL s0 
ALOAD t9  SPILLEDARG 0 
ALOAD t5 SPILLEDARG 1 
ALOAD t4 SPILLEDARG 2 
ALOAD t6 SPILLEDARG 3 
ALOAD t3 SPILLEDARG 4 
ALOAD t1 SPILLEDARG 5 
ALOAD t8 SPILLEDARG 6 
ALOAD t0 SPILLEDARG 7 
ALOAD t2 SPILLEDARG 8 
MOVE t9  v0 
CJUMP t9  List_Delete_L21 
MOVE t3 1 
MOVE t7 0 
MOVE t9  LT t5 t7 
CJUMP t9  List_Delete_L23 
MOVE t7 t4 
HLOAD t9  t7 0 
HLOAD s0 t9  32 
ASTORE SPILLEDARG 0 t9  
ASTORE SPILLEDARG 1 t3 
ASTORE SPILLEDARG 2 t4 
ASTORE SPILLEDARG 3 t1 
ASTORE SPILLEDARG 4 t8 
ASTORE SPILLEDARG 5 t0 
ASTORE SPILLEDARG 6 t5 
ASTORE SPILLEDARG 7 t6 
MOVE a0 t7
CALL s0 
ALOAD t9  SPILLEDARG 0 
ALOAD t3 SPILLEDARG 1 
ALOAD t4 SPILLEDARG 2 
ALOAD t1 SPILLEDARG 3 
ALOAD t8 SPILLEDARG 4 
ALOAD t0 SPILLEDARG 5 
ALOAD t5 SPILLEDARG 6 
ALOAD t6 SPILLEDARG 7 
MOVE t9  v0 
MOVE t2 t9  
JUMP List_Delete_L24 
List_Delete_L23 NOOP 
MOVE t7 0 
MOVE t9  555 
MOVE s0 MINUS t7 t9  
PRINT s0 
MOVE t7 t6 
HLOAD t9  t7 0 
HLOAD s0 t9  12 
MOVE t9  t4 
HLOAD s1 t9  0 
HLOAD s2 s1 32 
ASTORE SPILLEDARG 1 t7 
ASTORE SPILLEDARG 3 t3 
ASTORE SPILLEDARG 4 t4 
ASTORE SPILLEDARG 5 t1 
ASTORE SPILLEDARG 6 t2 
ASTORE SPILLEDARG 7 t8 
ASTORE SPILLEDARG 8 t0 
ASTORE SPILLEDARG 9 t5 
ASTORE SPILLEDARG 10 t6 
MOVE a0 t9 
CALL s2 
ALOAD t7 SPILLEDARG 1 
ALOAD t3 SPILLEDARG 3 
ALOAD t4 SPILLEDARG 4 
ALOAD t1 SPILLEDARG 5 
ALOAD t2 SPILLEDARG 6 
ALOAD t8 SPILLEDARG 7 
ALOAD t0 SPILLEDARG 8 
ALOAD t5 SPILLEDARG 9 
ALOAD t6 SPILLEDARG 10 
MOVE s1 v0 
ASTORE SPILLEDARG 0 t9  
ASTORE SPILLEDARG 1 t3 
ASTORE SPILLEDARG 2 t4 
ASTORE SPILLEDARG 3 t1 
ASTORE SPILLEDARG 4 t2 
ASTORE SPILLEDARG 5 t8 
ASTORE SPILLEDARG 6 t0 
ASTORE SPILLEDARG 7 t5 
ASTORE SPILLEDARG 8 t6 
MOVE a0 t7
MOVE a1 s1
CALL s0 
ALOAD t9  SPILLEDARG 0 
ALOAD t3 SPILLEDARG 1 
ALOAD t4 SPILLEDARG 2 
ALOAD t1 SPILLEDARG 3 
ALOAD t2 SPILLEDARG 4 
ALOAD t8 SPILLEDARG 5 
ALOAD t0 SPILLEDARG 6 
ALOAD t5 SPILLEDARG 7 
ALOAD t6 SPILLEDARG 8 
MOVE t9  v0 
MOVE t7 t9  
MOVE t7 0 
MOVE t9  555 
MOVE s0 MINUS t7 t9  
PRINT s0 
List_Delete_L24 NOOP 
JUMP List_Delete_L22 
List_Delete_L21 NOOP 
MOVE t7 0 
List_Delete_L22 NOOP 
MOVE t9  1 
MOVE s0 MINUS t9  t3 
CJUMP s0 List_Delete_L25 
MOVE t6 t4 
MOVE t9  t4 
HLOAD s0 t9  0 
HLOAD s1 s0 32 
ASTORE SPILLEDARG 1 t3 
ASTORE SPILLEDARG 2 t1 
ASTORE SPILLEDARG 3 t6 
ASTORE SPILLEDARG 4 t2 
MOVE a0 t9 
CALL s1 
ALOAD t3 SPILLEDARG 1 
ALOAD t1 SPILLEDARG 2 
ALOAD t6 SPILLEDARG 3 
ALOAD t2 SPILLEDARG 4 
MOVE s0 v0 
MOVE t4 s0 
MOVE t9  t4 
HLOAD s0 t9  0 
HLOAD s1 s0 24 
ASTORE SPILLEDARG 1 t4 
ASTORE SPILLEDARG 2 t3 
ASTORE SPILLEDARG 3 t1 
ASTORE SPILLEDARG 4 t6 
ASTORE SPILLEDARG 5 t2 
MOVE a0 t9 
CALL s1 
ALOAD t4 SPILLEDARG 1 
ALOAD t3 SPILLEDARG 2 
ALOAD t1 SPILLEDARG 3 
ALOAD t6 SPILLEDARG 4 
ALOAD t2 SPILLEDARG 5 
MOVE s0 v0 
MOVE t8 s0 
MOVE t9  t4 
HLOAD s0 t9  0 
HLOAD s1 s0 28 
ASTORE SPILLEDARG 1 t8 
ASTORE SPILLEDARG 2 t3 
ASTORE SPILLEDARG 3 t1 
ASTORE SPILLEDARG 4 t4 
ASTORE SPILLEDARG 5 t6 
ASTORE SPILLEDARG 6 t2 
MOVE a0 t9 
CALL s1 
ALOAD t8 SPILLEDARG 1 
ALOAD t3 SPILLEDARG 2 
ALOAD t1 SPILLEDARG 3 
ALOAD t4 SPILLEDARG 4 
ALOAD t6 SPILLEDARG 5 
ALOAD t2 SPILLEDARG 6 
MOVE s0 v0 
MOVE t0 s0 
MOVE t5 1 
JUMP List_Delete_L26 
List_Delete_L25 NOOP 
MOVE t7 0 
List_Delete_L26 NOOP 
JUMP List_Delete_L18 
List_Delete_L19 NOOP 
MOVE v0 t2 
END 

List_Search [ 2 ] [ 5 ] [ 0 ]
MOVE t0 a0
MOVE t1 a1
MOVE t2 0 
MOVE t3 t0 
HLOAD t4 t0 12 
MOVE t5 t4 
HLOAD t4 t0 4 
MOVE t0 t4 
List_Search_L27 NOOP 
MOVE t4 1 
MOVE t6 MINUS t4 t5 
CJUMP t6 List_Search_L28 
MOVE t4 t1 
HLOAD t6 t4 0 
HLOAD t7 t6 16 
ASTORE SPILLEDARG 0 t6 
ASTORE SPILLEDARG 1 t3 
ASTORE SPILLEDARG 2 t1 
ASTORE SPILLEDARG 3 t2 
MOVE a0 t4
MOVE a1 t0
CALL t7 
ALOAD t6 SPILLEDARG 0 
ALOAD t3 SPILLEDARG 1 
ALOAD t1 SPILLEDARG 2 
ALOAD t2 SPILLEDARG 3 
MOVE t6 v0 
CJUMP t6 List_Search_L29 
MOVE t2 1 
JUMP List_Search_L30 
List_Search_L29 NOOP 
MOVE t4 0 
List_Search_L30 NOOP 
MOVE t4 t3 
HLOAD t6 t4 0 
HLOAD t7 t6 32 
ASTORE SPILLEDARG 0 t6 
ASTORE SPILLEDARG 1 t1 
ASTORE SPILLEDARG 2 t2 
MOVE a0 t4
CALL t7 
ALOAD t6 SPILLEDARG 0 
ALOAD t1 SPILLEDARG 1 
ALOAD t2 SPILLEDARG 2 
MOVE t6 v0 
MOVE t3 t6 
MOVE t4 t3 
HLOAD t6 t4 0 
HLOAD t7 t6 24 
ASTORE SPILLEDARG 0 t6 
ASTORE SPILLEDARG 1 t3 
ASTORE SPILLEDARG 2 t1 
ASTORE SPILLEDARG 3 t2 
MOVE a0 t4
CALL t7 
ALOAD t6 SPILLEDARG 0 
ALOAD t3 SPILLEDARG 1 
ALOAD t1 SPILLEDARG 2 
ALOAD t2 SPILLEDARG 3 
MOVE t6 v0 
MOVE t5 t6 
MOVE t4 t3 
HLOAD t6 t4 0 
HLOAD t7 t6 28 
ASTORE SPILLEDARG 0 t6 
ASTORE SPILLEDARG 1 t5 
ASTORE SPILLEDARG 2 t1 
ASTORE SPILLEDARG 3 t3 
ASTORE SPILLEDARG 4 t2 
MOVE a0 t4
CALL t7 
ALOAD t6 SPILLEDARG 0 
ALOAD t5 SPILLEDARG 1 
ALOAD t1 SPILLEDARG 2 
ALOAD t3 SPILLEDARG 3 
ALOAD t2 SPILLEDARG 4 
MOVE t6 v0 
MOVE t0 t6 
JUMP List_Search_L27 
List_Search_L28 NOOP 
MOVE v0 t2 
END 

List_GetEnd [ 1 ] [ 0 ] [ 0 ]
MOVE t0 a0
HLOAD t1 t0 12 
MOVE v0 t1 
END 

List_GetElem [ 1 ] [ 0 ] [ 0 ]
MOVE t0 a0
HLOAD t1 t0 4 
MOVE v0 t1 
END 

List_GetNext [ 1 ] [ 0 ] [ 0 ]
MOVE t0 a0
HLOAD t1 t0 8 
MOVE v0 t1 
END 

List_Print [ 1 ] [ 3 ] [ 0 ]
MOVE t0 a0
MOVE t1 t0 
HLOAD t2 t0 12 
MOVE t3 t2 
HLOAD t2 t0 4 
MOVE t0 t2 
List_Print_L31 NOOP 
MOVE t2 1 
MOVE t4 MINUS t2 t3 
CJUMP t4 List_Print_L32 
MOVE t2 t0 
HLOAD t4 t2 0 
HLOAD t5 t4 4 
ASTORE SPILLEDARG 0 t4 
ASTORE SPILLEDARG 1 t1 
MOVE a0 t2
CALL t5 
ALOAD t4 SPILLEDARG 0 
ALOAD t1 SPILLEDARG 1 
MOVE t4 v0 
PRINT t4 
MOVE t2 t1 
HLOAD t4 t2 0 
HLOAD t5 t4 32 
ASTORE SPILLEDARG 0 t4 
MOVE a0 t2
CALL t5 
ALOAD t4 SPILLEDARG 0 
MOVE t4 v0 
MOVE t1 t4 
MOVE t2 t1 
HLOAD t4 t2 0 
HLOAD t5 t4 24 
ASTORE SPILLEDARG 0 t4 
ASTORE SPILLEDARG 1 t1 
MOVE a0 t2
CALL t5 
ALOAD t4 SPILLEDARG 0 
ALOAD t1 SPILLEDARG 1 
MOVE t4 v0 
MOVE t3 t4 
MOVE t2 t1 
HLOAD t4 t2 0 
HLOAD t5 t4 28 
ASTORE SPILLEDARG 0 t4 
ASTORE SPILLEDARG 1 t3 
ASTORE SPILLEDARG 2 t1 
MOVE a0 t2
CALL t5 
ALOAD t4 SPILLEDARG 0 
ALOAD t3 SPILLEDARG 1 
ALOAD t1 SPILLEDARG 2 
MOVE t4 v0 
MOVE t0 t4 
JUMP List_Print_L31 
List_Print_L32 NOOP 
MOVE t0 1 
MOVE v0 t0 
END 

LL_Start [ 1 ] [ 4 ] [ 0 ]
MOVE t0 HALLOCATE 40 
MOVE t1 HALLOCATE 16 
MOVE t2 List_Print
HSTORE t0 36 t2 
MOVE t2 List_GetNext
HSTORE t0 32 t2 
MOVE t2 List_GetElem
HSTORE t0 28 t2 
MOVE t2 List_GetEnd
HSTORE t0 24 t2 
MOVE t2 List_Search
HSTORE t0 20 t2 
MOVE t2 List_Delete
HSTORE t0 16 t2 
MOVE t2 List_SetNext
HSTORE t0 12 t2 
MOVE t2 List_Insert
HSTORE t0 8 t2 
MOVE t2 List_InitNew
HSTORE t0 4 t2 
MOVE t2 List_Init
HSTORE t0 0 t2 
MOVE t2 4 
LL_Start_L33 NOOP 
MOVE t3 16 
MOVE t4 LT t2 t3 
CJUMP t4 LL_Start_L34 
MOVE t3 PLUS t1 t2 
MOVE t4 0 
HSTORE t3 0 t4 
MOVE t2 PLUS t2 4 
JUMP LL_Start_L33 
LL_Start_L34 NOOP 
HSTORE t1 0 t0 
MOVE t0 t1 
MOVE t1 t0 
HLOAD t2 t1 0 
HLOAD t3 t2 0 
ASTORE SPILLEDARG 0 t2 
ASTORE SPILLEDARG 1 t0 
MOVE a0 t1
CALL t3 
ALOAD t2 SPILLEDARG 0 
ALOAD t0 SPILLEDARG 1 
MOVE t2 v0 
MOVE t1 t2 
MOVE t2 t0 
MOVE t0 t2 
HLOAD t3 t0 0 
HLOAD t4 t3 0 
ASTORE SPILLEDARG 0 t3 
ASTORE SPILLEDARG 1 t2 
MOVE a0 t0
CALL t4 
ALOAD t3 SPILLEDARG 0 
ALOAD t2 SPILLEDARG 1 
MOVE t3 v0 
MOVE t1 t3 
MOVE t0 t2 
HLOAD t3 t0 0 
HLOAD t4 t3 36 
ASTORE SPILLEDARG 0 t3 
ASTORE SPILLEDARG 1 t2 
MOVE a0 t0
CALL t4 
ALOAD t3 SPILLEDARG 0 
ALOAD t2 SPILLEDARG 1 
MOVE t3 v0 
MOVE t1 t3 
MOVE t0 HALLOCATE 24 
MOVE t3 HALLOCATE 16 
MOVE t4 Element_Compare
HSTORE t0 20 t4 
MOVE t4 Element_Equal
HSTORE t0 16 t4 
MOVE t4 Element_GetMarried
HSTORE t0 12 t4 
MOVE t4 Element_GetSalary
HSTORE t0 8 t4 
MOVE t4 Element_GetAge
HSTORE t0 4 t4 
MOVE t4 Element_Init
HSTORE t0 0 t4 
MOVE t4 4 
LL_Start_L35 NOOP 
MOVE t5 16 
MOVE t6 LT t4 t5 
CJUMP t6 LL_Start_L36 
MOVE t5 PLUS t3 t4 
MOVE t6 0 
HSTORE t5 0 t6 
MOVE t4 PLUS t4 4 
JUMP LL_Start_L35 
LL_Start_L36 NOOP 
HSTORE t3 0 t0 
MOVE t0 t3 
MOVE t3 t0 
HLOAD t4 t3 0 
HLOAD t5 t4 0 
MOVE t4 25 
MOVE t6 37000 
MOVE t7 0 
ASTORE SPILLEDARG 0 t8 
ASTORE SPILLEDARG 1 t2 
ASTORE SPILLEDARG 2 t0 
MOVE a0 t3
MOVE a1 t4
MOVE a2 t6
MOVE a3 t7
CALL t5 
ALOAD t8 SPILLEDARG 0 
ALOAD t2 SPILLEDARG 1 
ALOAD t0 SPILLEDARG 2 
MOVE t8 v0 
MOVE t1 t8 
MOVE t3 t2 
HLOAD t4 t3 0 
HLOAD t5 t4 8 
ASTORE SPILLEDARG 0 t4 
MOVE a0 t3
MOVE a1 t0
CALL t5 
ALOAD t4 SPILLEDARG 0 
MOVE t4 v0 
MOVE t2 t4 
MOVE t3 t2 
HLOAD t4 t3 0 
HLOAD t5 t4 36 
ASTORE SPILLEDARG 0 t4 
ASTORE SPILLEDARG 1 t2 
MOVE a0 t3
CALL t5 
ALOAD t4 SPILLEDARG 0 
ALOAD t2 SPILLEDARG 1 
MOVE t4 v0 
MOVE t1 t4 
MOVE t3 10000000 
PRINT t3 
MOVE t3 HALLOCATE 24 
MOVE t4 HALLOCATE 16 
MOVE t5 Element_Compare
HSTORE t3 20 t5 
MOVE t5 Element_Equal
HSTORE t3 16 t5 
MOVE t5 Element_GetMarried
HSTORE t3 12 t5 
MOVE t5 Element_GetSalary
HSTORE t3 8 t5 
MOVE t5 Element_GetAge
HSTORE t3 4 t5 
MOVE t5 Element_Init
HSTORE t3 0 t5 
MOVE t5 4 
LL_Start_L37 NOOP 
MOVE t6 16 
MOVE t7 LT t5 t6 
CJUMP t7 LL_Start_L38 
MOVE t6 PLUS t4 t5 
MOVE t7 0 
HSTORE t6 0 t7 
MOVE t5 PLUS t5 4 
JUMP LL_Start_L37 
LL_Start_L38 NOOP 
HSTORE t4 0 t3 
MOVE t0 t4 
MOVE t3 t0 
HLOAD t4 t3 0 
HLOAD t5 t4 0 
MOVE t4 39 
MOVE t6 42000 
MOVE t7 1 
ASTORE SPILLEDARG 0 t8 
ASTORE SPILLEDARG 1 t0 
ASTORE SPILLEDARG 2 t2 
MOVE a0 t3
MOVE a1 t4
MOVE a2 t6
MOVE a3 t7
CALL t5 
ALOAD t8 SPILLEDARG 0 
ALOAD t0 SPILLEDARG 1 
ALOAD t2 SPILLEDARG 2 
MOVE t8 v0 
MOVE t1 t8 
MOVE t3 t0 
MOVE t4 t2 
HLOAD t5 t4 0 
HLOAD t6 t5 8 
ASTORE SPILLEDARG 0 t5 
ASTORE SPILLEDARG 1 t3 
MOVE a0 t4
MOVE a1 t0
CALL t6 
ALOAD t5 SPILLEDARG 0 
ALOAD t3 SPILLEDARG 1 
MOVE t5 v0 
MOVE t2 t5 
MOVE t4 t2 
HLOAD t5 t4 0 
HLOAD t6 t5 36 
ASTORE SPILLEDARG 0 t5 
ASTORE SPILLEDARG 1 t2 
ASTORE SPILLEDARG 2 t3 
MOVE a0 t4
CALL t6 
ALOAD t5 SPILLEDARG 0 
ALOAD t2 SPILLEDARG 1 
ALOAD t3 SPILLEDARG 2 
MOVE t5 v0 
MOVE t1 t5 
MOVE t4 10000000 
PRINT t4 
MOVE t4 HALLOCATE 24 
MOVE t5 HALLOCATE 16 
MOVE t6 Element_Compare
HSTORE t4 20 t6 
MOVE t6 Element_Equal
HSTORE t4 16 t6 
MOVE t6 Element_GetMarried
HSTORE t4 12 t6 
MOVE t6 Element_GetSalary
HSTORE t4 8 t6 
MOVE t6 Element_GetAge
HSTORE t4 4 t6 
MOVE t6 Element_Init
HSTORE t4 0 t6 
MOVE t6 4 
LL_Start_L39 NOOP 
MOVE t7 16 
MOVE t8 LT t6 t7 
CJUMP t8 LL_Start_L40 
MOVE t7 PLUS t5 t6 
MOVE t8 0 
HSTORE t7 0 t8 
MOVE t6 PLUS t6 4 
JUMP LL_Start_L39 
LL_Start_L40 NOOP 
HSTORE t5 0 t4 
MOVE t0 t5 
MOVE t4 t0 
HLOAD t5 t4 0 
HLOAD t6 t5 0 
MOVE t5 22 
MOVE t7 34000 
MOVE t8 0 
ASTORE SPILLEDARG 0 t9  
ASTORE SPILLEDARG 1 t2 
ASTORE SPILLEDARG 2 t0 
ASTORE SPILLEDARG 3 t3 
MOVE a0 t4
MOVE a1 t5
MOVE a2 t7
MOVE a3 t8
CALL t6 
ALOAD t9  SPILLEDARG 0 
ALOAD t2 SPILLEDARG 1 
ALOAD t0 SPILLEDARG 2 
ALOAD t3 SPILLEDARG 3 
MOVE t9  v0 
MOVE t1 t9  
MOVE t4 t2 
HLOAD t5 t4 0 
HLOAD t6 t5 8 
ASTORE SPILLEDARG 0 t5 
ASTORE SPILLEDARG 1 t3 
MOVE a0 t4
MOVE a1 t0
CALL t6 
ALOAD t5 SPILLEDARG 0 
ALOAD t3 SPILLEDARG 1 
MOVE t5 v0 
MOVE t2 t5 
MOVE t4 t2 
HLOAD t5 t4 0 
HLOAD t6 t5 36 
ASTORE SPILLEDARG 0 t5 
ASTORE SPILLEDARG 1 t2 
ASTORE SPILLEDARG 2 t3 
MOVE a0 t4
CALL t6 
ALOAD t5 SPILLEDARG 0 
ALOAD t2 SPILLEDARG 1 
ALOAD t3 SPILLEDARG 2 
MOVE t5 v0 
MOVE t1 t5 
MOVE t4 HALLOCATE 24 
MOVE t5 HALLOCATE 16 
MOVE t6 Element_Compare
HSTORE t4 20 t6 
MOVE t6 Element_Equal
HSTORE t4 16 t6 
MOVE t6 Element_GetMarried
HSTORE t4 12 t6 
MOVE t6 Element_GetSalary
HSTORE t4 8 t6 
MOVE t6 Element_GetAge
HSTORE t4 4 t6 
MOVE t6 Element_Init
HSTORE t4 0 t6 
MOVE t6 4 
LL_Start_L41 NOOP 
MOVE t7 16 
MOVE t8 LT t6 t7 
CJUMP t8 LL_Start_L42 
MOVE t7 PLUS t5 t6 
MOVE t8 0 
HSTORE t7 0 t8 
MOVE t6 PLUS t6 4 
JUMP LL_Start_L41 
LL_Start_L42 NOOP 
HSTORE t5 0 t4 
MOVE t4 t5 
MOVE t5 t4 
HLOAD t6 t5 0 
HLOAD t7 t6 0 
MOVE t6 27 
MOVE t8 34000 
MOVE t9  0 
ASTORE SPILLEDARG 1 t2 
ASTORE SPILLEDARG 2 t3 
ASTORE SPILLEDARG 3 t4 
MOVE a0 t5
MOVE a1 t6
MOVE a2 t8
MOVE a3 t9 
CALL t7 
ALOAD t2 SPILLEDARG 1 
ALOAD t3 SPILLEDARG 2 
ALOAD t4 SPILLEDARG 3 
MOVE s0 v0 
MOVE t1 s0 
MOVE t5 t2 
HLOAD t6 t5 0 
HLOAD t7 t6 20 
ASTORE SPILLEDARG 0 t6 
ASTORE SPILLEDARG 1 t2 
ASTORE SPILLEDARG 2 t4 
ASTORE SPILLEDARG 3 t3 
MOVE a0 t5
MOVE a1 t3
CALL t7 
ALOAD t6 SPILLEDARG 0 
ALOAD t2 SPILLEDARG 1 
ALOAD t4 SPILLEDARG 2 
ALOAD t3 SPILLEDARG 3 
MOVE t6 v0 
PRINT t6 
MOVE t5 t2 
HLOAD t6 t5 0 
HLOAD t7 t6 20 
ASTORE SPILLEDARG 0 t6 
ASTORE SPILLEDARG 1 t2 
ASTORE SPILLEDARG 2 t3 
MOVE a0 t5
MOVE a1 t4
CALL t7 
ALOAD t6 SPILLEDARG 0 
ALOAD t2 SPILLEDARG 1 
ALOAD t3 SPILLEDARG 2 
MOVE t6 v0 
PRINT t6 
MOVE t4 10000000 
PRINT t4 
MOVE t4 HALLOCATE 24 
MOVE t5 HALLOCATE 16 
MOVE t6 Element_Compare
HSTORE t4 20 t6 
MOVE t6 Element_Equal
HSTORE t4 16 t6 
MOVE t6 Element_GetMarried
HSTORE t4 12 t6 
MOVE t6 Element_GetSalary
HSTORE t4 8 t6 
MOVE t6 Element_GetAge
HSTORE t4 4 t6 
MOVE t6 Element_Init
HSTORE t4 0 t6 
MOVE t6 4 
LL_Start_L43 NOOP 
MOVE t7 16 
MOVE t8 LT t6 t7 
CJUMP t8 LL_Start_L44 
MOVE t7 PLUS t5 t6 
MOVE t8 0 
HSTORE t7 0 t8 
MOVE t6 PLUS t6 4 
JUMP LL_Start_L43 
LL_Start_L44 NOOP 
HSTORE t5 0 t4 
MOVE t0 t5 
MOVE t4 t0 
HLOAD t5 t4 0 
HLOAD t6 t5 0 
MOVE t5 28 
MOVE t7 35000 
MOVE t8 0 
ASTORE SPILLEDARG 0 t9  
ASTORE SPILLEDARG 1 t2 
ASTORE SPILLEDARG 2 t0 
ASTORE SPILLEDARG 3 t3 
MOVE a0 t4
MOVE a1 t5
MOVE a2 t7
MOVE a3 t8
CALL t6 
ALOAD t9  SPILLEDARG 0 
ALOAD t2 SPILLEDARG 1 
ALOAD t0 SPILLEDARG 2 
ALOAD t3 SPILLEDARG 3 
MOVE t9  v0 
MOVE t1 t9  
MOVE t4 t2 
HLOAD t5 t4 0 
HLOAD t6 t5 8 
ASTORE SPILLEDARG 0 t5 
ASTORE SPILLEDARG 1 t3 
ASTORE SPILLEDARG 2 t0 
MOVE a0 t4
MOVE a1 t0
CALL t6 
ALOAD t5 SPILLEDARG 0 
ALOAD t3 SPILLEDARG 1 
ALOAD t0 SPILLEDARG 2 
MOVE t5 v0 
MOVE t2 t5 
MOVE t4 t2 
HLOAD t5 t4 0 
HLOAD t6 t5 36 
ASTORE SPILLEDARG 0 t5 
ASTORE SPILLEDARG 1 t2 
ASTORE SPILLEDARG 2 t3 
ASTORE SPILLEDARG 3 t0 
MOVE a0 t4
CALL t6 
ALOAD t5 SPILLEDARG 0 
ALOAD t2 SPILLEDARG 1 
ALOAD t3 SPILLEDARG 2 
ALOAD t0 SPILLEDARG 3 
MOVE t5 v0 
MOVE t1 t5 
MOVE t4 2220000 
PRINT t4 
MOVE t4 t2 
HLOAD t5 t4 0 
HLOAD t6 t5 16 
ASTORE SPILLEDARG 0 t5 
ASTORE SPILLEDARG 1 t0 
MOVE a0 t4
MOVE a1 t3
CALL t6 
ALOAD t5 SPILLEDARG 0 
ALOAD t0 SPILLEDARG 1 
MOVE t5 v0 
MOVE t2 t5 
MOVE t3 t2 
HLOAD t4 t3 0 
HLOAD t5 t4 36 
ASTORE SPILLEDARG 0 t4 
ASTORE SPILLEDARG 1 t2 
ASTORE SPILLEDARG 2 t0 
MOVE a0 t3
CALL t5 
ALOAD t4 SPILLEDARG 0 
ALOAD t2 SPILLEDARG 1 
ALOAD t0 SPILLEDARG 2 
MOVE t4 v0 
MOVE t1 t4 
MOVE t3 33300000 
PRINT t3 
MOVE t3 t2 
HLOAD t4 t3 0 
HLOAD t5 t4 16 
ASTORE SPILLEDARG 0 t4 
MOVE a0 t3
MOVE a1 t0
CALL t5 
ALOAD t4 SPILLEDARG 0 
MOVE t4 v0 
MOVE t2 t4 
MOVE t0 t2 
HLOAD t2 t0 0 
HLOAD t3 t2 36 
ASTORE SPILLEDARG 0 t2 
MOVE a0 t0
CALL t3 
ALOAD t2 SPILLEDARG 0 
MOVE t2 v0 
MOVE t1 t2 
MOVE t0 44440000 
PRINT t0 
MOVE t0 0 
MOVE v0 t0 
END 
